<?xml version="1.0" encoding="UTF-8"?>
<testng-results ignored="0" total="1" passed="1" failed="0" skipped="0">
  <reporter-output>
  </reporter-output>
  <suite started-at="2024-08-08T11:40:15 EET" name="Almosafer Code Challenge" finished-at="2024-08-08T11:41:35 EET" duration-ms="79764">
    <groups>
    </groups>
    <test started-at="2024-08-08T11:40:15 EET" name="Android" finished-at="2024-08-08T11:41:35 EET" duration-ms="79764">
      <class name="com.almosafer.testcases.MainScenarioTest">
        <test-method is-config="true" signature="beforeSuite()[pri:0, instance:com.almosafer.testcases.MainScenarioTest@8519cb4]" started-at="2024-08-08T11:40:15 EET" name="beforeSuite" finished-at="2024-08-08T11:40:15 EET" duration-ms="126" status="PASS">
          <reporter-output>
          </reporter-output>
        </test-method> <!-- beforeSuite -->
        <test-method is-config="true" signature="beforeClass(java.lang.String,java.lang.String,java.lang.String)[pri:0, instance:com.almosafer.testcases.MainScenarioTest@8519cb4]" started-at="2024-08-08T11:40:15 EET" name="beforeClass" finished-at="2024-08-08T11:40:22 EET" duration-ms="6510" status="PASS">
          <params>
            <param index="0">
              <value>
                <![CDATA[6b99e5e7]]>
              </value>
            </param>
            <param index="1">
              <value>
                <![CDATA[Android]]>
              </value>
            </param>
            <param index="2">
              <value>
                <![CDATA[12]]>
              </value>
            </param>
          </params>
          <reporter-output>
          </reporter-output>
        </test-method> <!-- beforeClass -->
        <test-method is-config="true" signature="beforeMethod(java.lang.reflect.Method)[pri:0, instance:com.almosafer.testcases.MainScenarioTest@8519cb4]" started-at="2024-08-08T11:40:22 EET" name="beforeMethod" finished-at="2024-08-08T11:40:22 EET" duration-ms="3" status="PASS">
          <params>
            <param index="0">
              <value>
                <![CDATA[public void com.almosafer.testcases.MainScenarioTest.testCase()]]>
              </value>
            </param>
          </params>
          <reporter-output>
          </reporter-output>
        </test-method> <!-- beforeMethod -->
        <test-method signature="testCase()[pri:0, instance:com.almosafer.testcases.MainScenarioTest@8519cb4]" started-at="2024-08-08T11:40:22 EET" name="testCase" finished-at="2024-08-08T11:41:32 EET" duration-ms="70132" status="PASS">
          <reporter-output>
          </reporter-output>
        </test-method> <!-- testCase -->
        <test-method is-config="true" signature="afterMethod(java.lang.reflect.Method,org.testng.ITestResult)[pri:0, instance:com.almosafer.testcases.MainScenarioTest@8519cb4]" started-at="2024-08-08T11:41:32 EET" name="afterMethod" finished-at="2024-08-08T11:41:32 EET" duration-ms="488" status="PASS">
          <params>
            <param index="0">
              <value>
                <![CDATA[public void com.almosafer.testcases.MainScenarioTest.testCase()]]>
              </value>
            </param>
            <param index="1">
              <value>
                <![CDATA[[TestResult name=testCase status=SUCCESS method=MainScenarioTest.testCase()[pri:0, instance:com.almosafer.testcases.MainScenarioTest@8519cb4] output={null}]]]>
              </value>
            </param>
          </params>
          <reporter-output>
          </reporter-output>
        </test-method> <!-- afterMethod -->
        <test-method is-config="true" signature="afterClass()[pri:0, instance:com.almosafer.testcases.MainScenarioTest@8519cb4]" started-at="2024-08-08T11:41:32 EET" name="afterClass" finished-at="2024-08-08T11:41:35 EET" duration-ms="2590" status="PASS">
          <reporter-output>
          </reporter-output>
        </test-method> <!-- afterClass -->
        <test-method is-config="true" signature="afterSuite()[pri:0, instance:com.almosafer.testcases.MainScenarioTest@8519cb4]" started-at="2024-08-08T11:41:35 EET" name="afterSuite" finished-at="2024-08-08T11:41:35 EET" duration-ms="167" status="PASS">
          <reporter-output>
          </reporter-output>
        </test-method> <!-- afterSuite -->
      </class> <!-- com.almosafer.testcases.MainScenarioTest -->
    </test> <!-- Android -->
  </suite> <!-- Almosafer Code Challenge -->
</testng-results>
